<?xml version="1.0" encoding="UTF-8"?>
<testsuite xmlns:xsi="http://www.w3.org/2001/XMLSchema-instance" xsi:noNamespaceSchemaLocation="https://maven.apache.org/surefire/maven-surefire-plugin/xsd/surefire-test-report.xsd" name="com.example.aaahome.AaAhomeApplicationTests" time="7.517" tests="1" errors="0" skipped="0" failures="0">
  <properties>
    <property name="sun.desktop" value="windows"/>
    <property name="awt.toolkit" value="sun.awt.windows.WToolkit"/>
    <property name="java.specification.version" value="11"/>
    <property name="sun.cpu.isalist" value="amd64"/>
    <property name="sun.jnu.encoding" value="GBK"/>
    <property name="java.class.path" value="C:\Users\msf\IdeaProjects\AAAhome\target\test-classes;C:\Users\msf\IdeaProjects\AAAhome\target\classes;C:\Users\msf\.m2\repository\mysql\mysql-connector-java\5.1.47\mysql-connector-java-5.1.47.jar;C:\Users\msf\.m2\repository\redis\clients\jedis\4.1.1\jedis-4.1.1.jar;C:\Users\msf\.m2\repository\org\slf4j\slf4j-api\1.7.33\slf4j-api-1.7.33.jar;C:\Users\msf\.m2\repository\org\apache\commons\commons-pool2\2.11.1\commons-pool2-2.11.1.jar;C:\Users\msf\.m2\repository\org\json\json\20211205\json-20211205.jar;C:\Users\msf\.m2\repository\org\apache\commons\commons-lang3\3.12.0\commons-lang3-3.12.0.jar;C:\Users\msf\.m2\repository\org\springframework\boot\spring-boot-starter-web\2.6.3\spring-boot-starter-web-2.6.3.jar;C:\Users\msf\.m2\repository\org\springframework\boot\spring-boot-starter\2.6.3\spring-boot-starter-2.6.3.jar;C:\Users\msf\.m2\repository\org\springframework\boot\spring-boot-autoconfigure\2.6.3\spring-boot-autoconfigure-2.6.3.jar;C:\Users\msf\.m2\repository\org\springframework\boot\spring-boot-starter-logging\2.6.3\spring-boot-starter-logging-2.6.3.jar;C:\Users\msf\.m2\repository\ch\qos\logback\logback-classic\1.2.10\logback-classic-1.2.10.jar;C:\Users\msf\.m2\repository\ch\qos\logback\logback-core\1.2.10\logback-core-1.2.10.jar;C:\Users\msf\.m2\repository\org\apache\logging\log4j\log4j-to-slf4j\2.17.1\log4j-to-slf4j-2.17.1.jar;C:\Users\msf\.m2\repository\org\apache\logging\log4j\log4j-api\2.17.1\log4j-api-2.17.1.jar;C:\Users\msf\.m2\repository\org\slf4j\jul-to-slf4j\1.7.33\jul-to-slf4j-1.7.33.jar;C:\Users\msf\.m2\repository\jakarta\annotation\jakarta.annotation-api\1.3.5\jakarta.annotation-api-1.3.5.jar;C:\Users\msf\.m2\repository\org\yaml\snakeyaml\1.29\snakeyaml-1.29.jar;C:\Users\msf\.m2\repository\org\springframework\boot\spring-boot-starter-json\2.6.3\spring-boot-starter-json-2.6.3.jar;C:\Users\msf\.m2\repository\com\fasterxml\jackson\datatype\jackson-datatype-jdk8\2.13.1\jackson-datatype-jdk8-2.13.1.jar;C:\Users\msf\.m2\repository\com\fasterxml\jackson\datatype\jackson-datatype-jsr310\2.13.1\jackson-datatype-jsr310-2.13.1.jar;C:\Users\msf\.m2\repository\com\fasterxml\jackson\module\jackson-module-parameter-names\2.13.1\jackson-module-parameter-names-2.13.1.jar;C:\Users\msf\.m2\repository\org\springframework\boot\spring-boot-starter-tomcat\2.6.3\spring-boot-starter-tomcat-2.6.3.jar;C:\Users\msf\.m2\repository\org\apache\tomcat\embed\tomcat-embed-core\9.0.56\tomcat-embed-core-9.0.56.jar;C:\Users\msf\.m2\repository\org\apache\tomcat\embed\tomcat-embed-el\9.0.56\tomcat-embed-el-9.0.56.jar;C:\Users\msf\.m2\repository\org\apache\tomcat\embed\tomcat-embed-websocket\9.0.56\tomcat-embed-websocket-9.0.56.jar;C:\Users\msf\.m2\repository\org\springframework\spring-web\5.3.15\spring-web-5.3.15.jar;C:\Users\msf\.m2\repository\org\springframework\spring-beans\5.3.15\spring-beans-5.3.15.jar;C:\Users\msf\.m2\repository\org\springframework\spring-webmvc\5.3.15\spring-webmvc-5.3.15.jar;C:\Users\msf\.m2\repository\org\springframework\spring-aop\5.3.15\spring-aop-5.3.15.jar;C:\Users\msf\.m2\repository\org\springframework\spring-context\5.3.15\spring-context-5.3.15.jar;C:\Users\msf\.m2\repository\org\springframework\spring-expression\5.3.15\spring-expression-5.3.15.jar;C:\Users\msf\.m2\repository\io\jsonwebtoken\jjwt\0.9.1\jjwt-0.9.1.jar;C:\Users\msf\.m2\repository\com\fasterxml\jackson\core\jackson-databind\2.13.1\jackson-databind-2.13.1.jar;C:\Users\msf\.m2\repository\com\fasterxml\jackson\core\jackson-annotations\2.13.1\jackson-annotations-2.13.1.jar;C:\Users\msf\.m2\repository\com\fasterxml\jackson\core\jackson-core\2.13.1\jackson-core-2.13.1.jar;C:\Users\msf\.m2\repository\javax\xml\bind\jaxb-api\2.3.0\jaxb-api-2.3.0.jar;C:\Users\msf\.m2\repository\com\sun\xml\bind\jaxb-impl\2.3.0\jaxb-impl-2.3.0.jar;C:\Users\msf\.m2\repository\org\projectlombok\lombok\1.18.22\lombok-1.18.22.jar;C:\Users\msf\.m2\repository\org\springframework\boot\spring-boot-starter-mail\2.6.3\spring-boot-starter-mail-2.6.3.jar;C:\Users\msf\.m2\repository\org\springframework\spring-context-support\5.3.15\spring-context-support-5.3.15.jar;C:\Users\msf\.m2\repository\com\sun\mail\jakarta.mail\1.6.7\jakarta.mail-1.6.7.jar;C:\Users\msf\.m2\repository\com\sun\activation\jakarta.activation\1.2.2\jakarta.activation-1.2.2.jar;C:\Users\msf\.m2\repository\com\sun\xml\bind\jaxb-core\2.3.0\jaxb-core-2.3.0.jar;C:\Users\msf\.m2\repository\org\mybatis\spring\boot\mybatis-spring-boot-starter\2.2.1\mybatis-spring-boot-starter-2.2.1.jar;C:\Users\msf\.m2\repository\org\springframework\boot\spring-boot-starter-jdbc\2.6.3\spring-boot-starter-jdbc-2.6.3.jar;C:\Users\msf\.m2\repository\com\zaxxer\HikariCP\4.0.3\HikariCP-4.0.3.jar;C:\Users\msf\.m2\repository\org\springframework\spring-jdbc\5.3.15\spring-jdbc-5.3.15.jar;C:\Users\msf\.m2\repository\org\springframework\spring-tx\5.3.15\spring-tx-5.3.15.jar;C:\Users\msf\.m2\repository\org\mybatis\spring\boot\mybatis-spring-boot-autoconfigure\2.2.1\mybatis-spring-boot-autoconfigure-2.2.1.jar;C:\Users\msf\.m2\repository\org\mybatis\mybatis\3.5.9\mybatis-3.5.9.jar;C:\Users\msf\.m2\repository\org\mybatis\mybatis-spring\2.0.6\mybatis-spring-2.0.6.jar;C:\Users\msf\.m2\repository\com\google\code\gson\gson\2.9.0\gson-2.9.0.jar;C:\Users\msf\.m2\repository\org\springframework\boot\spring-boot-starter-test\2.6.3\spring-boot-starter-test-2.6.3.jar;C:\Users\msf\.m2\repository\org\springframework\boot\spring-boot-test-autoconfigure\2.6.3\spring-boot-test-autoconfigure-2.6.3.jar;C:\Users\msf\.m2\repository\com\jayway\jsonpath\json-path\2.6.0\json-path-2.6.0.jar;C:\Users\msf\.m2\repository\net\minidev\json-smart\2.4.7\json-smart-2.4.7.jar;C:\Users\msf\.m2\repository\net\minidev\accessors-smart\2.4.7\accessors-smart-2.4.7.jar;C:\Users\msf\.m2\repository\org\ow2\asm\asm\9.1\asm-9.1.jar;C:\Users\msf\.m2\repository\jakarta\xml\bind\jakarta.xml.bind-api\2.3.3\jakarta.xml.bind-api-2.3.3.jar;C:\Users\msf\.m2\repository\jakarta\activation\jakarta.activation-api\1.2.2\jakarta.activation-api-1.2.2.jar;C:\Users\msf\.m2\repository\org\assertj\assertj-core\3.21.0\assertj-core-3.21.0.jar;C:\Users\msf\.m2\repository\org\hamcrest\hamcrest\2.2\hamcrest-2.2.jar;C:\Users\msf\.m2\repository\org\junit\jupiter\junit-jupiter\5.8.2\junit-jupiter-5.8.2.jar;C:\Users\msf\.m2\repository\org\junit\jupiter\junit-jupiter-api\5.8.2\junit-jupiter-api-5.8.2.jar;C:\Users\msf\.m2\repository\org\opentest4j\opentest4j\1.2.0\opentest4j-1.2.0.jar;C:\Users\msf\.m2\repository\org\junit\platform\junit-platform-commons\1.8.2\junit-platform-commons-1.8.2.jar;C:\Users\msf\.m2\repository\org\apiguardian\apiguardian-api\1.1.2\apiguardian-api-1.1.2.jar;C:\Users\msf\.m2\repository\org\junit\jupiter\junit-jupiter-params\5.8.2\junit-jupiter-params-5.8.2.jar;C:\Users\msf\.m2\repository\org\junit\jupiter\junit-jupiter-engine\5.8.2\junit-jupiter-engine-5.8.2.jar;C:\Users\msf\.m2\repository\org\junit\platform\junit-platform-engine\1.8.2\junit-platform-engine-1.8.2.jar;C:\Users\msf\.m2\repository\org\mockito\mockito-core\4.0.0\mockito-core-4.0.0.jar;C:\Users\msf\.m2\repository\net\bytebuddy\byte-buddy\1.11.22\byte-buddy-1.11.22.jar;C:\Users\msf\.m2\repository\net\bytebuddy\byte-buddy-agent\1.11.22\byte-buddy-agent-1.11.22.jar;C:\Users\msf\.m2\repository\org\objenesis\objenesis\3.2\objenesis-3.2.jar;C:\Users\msf\.m2\repository\org\mockito\mockito-junit-jupiter\4.0.0\mockito-junit-jupiter-4.0.0.jar;C:\Users\msf\.m2\repository\org\skyscreamer\jsonassert\1.5.0\jsonassert-1.5.0.jar;C:\Users\msf\.m2\repository\com\vaadin\external\google\android-json\0.0.20131108.vaadin1\android-json-0.0.20131108.vaadin1.jar;C:\Users\msf\.m2\repository\org\springframework\spring-core\5.3.15\spring-core-5.3.15.jar;C:\Users\msf\.m2\repository\org\springframework\spring-jcl\5.3.15\spring-jcl-5.3.15.jar;C:\Users\msf\.m2\repository\org\springframework\spring-test\5.3.15\spring-test-5.3.15.jar;C:\Users\msf\.m2\repository\org\xmlunit\xmlunit-core\2.8.4\xmlunit-core-2.8.4.jar;C:\Users\msf\.m2\repository\org\springframework\boot\spring-boot-test\2.6.3\spring-boot-test-2.6.3.jar;C:\Users\msf\.m2\repository\org\springframework\boot\spring-boot\2.6.3\spring-boot-2.6.3.jar;"/>
    <property name="java.vm.vendor" value="Amazon.com Inc."/>
    <property name="sun.arch.data.model" value="64"/>
    <property name="user.variant" value=""/>
    <property name="java.vendor.url" value="https://aws.amazon.com/corretto/"/>
    <property name="user.timezone" value="Asia/Shanghai"/>
    <property name="java.vm.specification.version" value="11"/>
    <property name="os.name" value="Windows 10"/>
    <property name="sun.java.launcher" value="SUN_STANDARD"/>
    <property name="user.country" value="CN"/>
    <property name="sun.boot.library.path" value="C:\Users\msf\.jdks\corretto-11.0.13\bin"/>
    <property name="sun.java.command" value="C:\Users\msf\AppData\Local\Temp\surefire4639134500160834748\surefirebooter14917537723062807034.jar C:\Users\msf\AppData\Local\Temp\surefire4639134500160834748 2022-03-24T21-43-10_392-jvmRun1 surefire1215620188714525911tmp surefire_011191660325470061351tmp"/>
    <property name="jdk.debug" value="release"/>
    <property name="surefire.test.class.path" value="C:\Users\msf\IdeaProjects\AAAhome\target\test-classes;C:\Users\msf\IdeaProjects\AAAhome\target\classes;C:\Users\msf\.m2\repository\mysql\mysql-connector-java\5.1.47\mysql-connector-java-5.1.47.jar;C:\Users\msf\.m2\repository\redis\clients\jedis\4.1.1\jedis-4.1.1.jar;C:\Users\msf\.m2\repository\org\slf4j\slf4j-api\1.7.33\slf4j-api-1.7.33.jar;C:\Users\msf\.m2\repository\org\apache\commons\commons-pool2\2.11.1\commons-pool2-2.11.1.jar;C:\Users\msf\.m2\repository\org\json\json\20211205\json-20211205.jar;C:\Users\msf\.m2\repository\org\apache\commons\commons-lang3\3.12.0\commons-lang3-3.12.0.jar;C:\Users\msf\.m2\repository\org\springframework\boot\spring-boot-starter-web\2.6.3\spring-boot-starter-web-2.6.3.jar;C:\Users\msf\.m2\repository\org\springframework\boot\spring-boot-starter\2.6.3\spring-boot-starter-2.6.3.jar;C:\Users\msf\.m2\repository\org\springframework\boot\spring-boot-autoconfigure\2.6.3\spring-boot-autoconfigure-2.6.3.jar;C:\Users\msf\.m2\repository\org\springframework\boot\spring-boot-starter-logging\2.6.3\spring-boot-starter-logging-2.6.3.jar;C:\Users\msf\.m2\repository\ch\qos\logback\logback-classic\1.2.10\logback-classic-1.2.10.jar;C:\Users\msf\.m2\repository\ch\qos\logback\logback-core\1.2.10\logback-core-1.2.10.jar;C:\Users\msf\.m2\repository\org\apache\logging\log4j\log4j-to-slf4j\2.17.1\log4j-to-slf4j-2.17.1.jar;C:\Users\msf\.m2\repository\org\apache\logging\log4j\log4j-api\2.17.1\log4j-api-2.17.1.jar;C:\Users\msf\.m2\repository\org\slf4j\jul-to-slf4j\1.7.33\jul-to-slf4j-1.7.33.jar;C:\Users\msf\.m2\repository\jakarta\annotation\jakarta.annotation-api\1.3.5\jakarta.annotation-api-1.3.5.jar;C:\Users\msf\.m2\repository\org\yaml\snakeyaml\1.29\snakeyaml-1.29.jar;C:\Users\msf\.m2\repository\org\springframework\boot\spring-boot-starter-json\2.6.3\spring-boot-starter-json-2.6.3.jar;C:\Users\msf\.m2\repository\com\fasterxml\jackson\datatype\jackson-datatype-jdk8\2.13.1\jackson-datatype-jdk8-2.13.1.jar;C:\Users\msf\.m2\repository\com\fasterxml\jackson\datatype\jackson-datatype-jsr310\2.13.1\jackson-datatype-jsr310-2.13.1.jar;C:\Users\msf\.m2\repository\com\fasterxml\jackson\module\jackson-module-parameter-names\2.13.1\jackson-module-parameter-names-2.13.1.jar;C:\Users\msf\.m2\repository\org\springframework\boot\spring-boot-starter-tomcat\2.6.3\spring-boot-starter-tomcat-2.6.3.jar;C:\Users\msf\.m2\repository\org\apache\tomcat\embed\tomcat-embed-core\9.0.56\tomcat-embed-core-9.0.56.jar;C:\Users\msf\.m2\repository\org\apache\tomcat\embed\tomcat-embed-el\9.0.56\tomcat-embed-el-9.0.56.jar;C:\Users\msf\.m2\repository\org\apache\tomcat\embed\tomcat-embed-websocket\9.0.56\tomcat-embed-websocket-9.0.56.jar;C:\Users\msf\.m2\repository\org\springframework\spring-web\5.3.15\spring-web-5.3.15.jar;C:\Users\msf\.m2\repository\org\springframework\spring-beans\5.3.15\spring-beans-5.3.15.jar;C:\Users\msf\.m2\repository\org\springframework\spring-webmvc\5.3.15\spring-webmvc-5.3.15.jar;C:\Users\msf\.m2\repository\org\springframework\spring-aop\5.3.15\spring-aop-5.3.15.jar;C:\Users\msf\.m2\repository\org\springframework\spring-context\5.3.15\spring-context-5.3.15.jar;C:\Users\msf\.m2\repository\org\springframework\spring-expression\5.3.15\spring-expression-5.3.15.jar;C:\Users\msf\.m2\repository\io\jsonwebtoken\jjwt\0.9.1\jjwt-0.9.1.jar;C:\Users\msf\.m2\repository\com\fasterxml\jackson\core\jackson-databind\2.13.1\jackson-databind-2.13.1.jar;C:\Users\msf\.m2\repository\com\fasterxml\jackson\core\jackson-annotations\2.13.1\jackson-annotations-2.13.1.jar;C:\Users\msf\.m2\repository\com\fasterxml\jackson\core\jackson-core\2.13.1\jackson-core-2.13.1.jar;C:\Users\msf\.m2\repository\javax\xml\bind\jaxb-api\2.3.0\jaxb-api-2.3.0.jar;C:\Users\msf\.m2\repository\com\sun\xml\bind\jaxb-impl\2.3.0\jaxb-impl-2.3.0.jar;C:\Users\msf\.m2\repository\org\projectlombok\lombok\1.18.22\lombok-1.18.22.jar;C:\Users\msf\.m2\repository\org\springframework\boot\spring-boot-starter-mail\2.6.3\spring-boot-starter-mail-2.6.3.jar;C:\Users\msf\.m2\repository\org\springframework\spring-context-support\5.3.15\spring-context-support-5.3.15.jar;C:\Users\msf\.m2\repository\com\sun\mail\jakarta.mail\1.6.7\jakarta.mail-1.6.7.jar;C:\Users\msf\.m2\repository\com\sun\activation\jakarta.activation\1.2.2\jakarta.activation-1.2.2.jar;C:\Users\msf\.m2\repository\com\sun\xml\bind\jaxb-core\2.3.0\jaxb-core-2.3.0.jar;C:\Users\msf\.m2\repository\org\mybatis\spring\boot\mybatis-spring-boot-starter\2.2.1\mybatis-spring-boot-starter-2.2.1.jar;C:\Users\msf\.m2\repository\org\springframework\boot\spring-boot-starter-jdbc\2.6.3\spring-boot-starter-jdbc-2.6.3.jar;C:\Users\msf\.m2\repository\com\zaxxer\HikariCP\4.0.3\HikariCP-4.0.3.jar;C:\Users\msf\.m2\repository\org\springframework\spring-jdbc\5.3.15\spring-jdbc-5.3.15.jar;C:\Users\msf\.m2\repository\org\springframework\spring-tx\5.3.15\spring-tx-5.3.15.jar;C:\Users\msf\.m2\repository\org\mybatis\spring\boot\mybatis-spring-boot-autoconfigure\2.2.1\mybatis-spring-boot-autoconfigure-2.2.1.jar;C:\Users\msf\.m2\repository\org\mybatis\mybatis\3.5.9\mybatis-3.5.9.jar;C:\Users\msf\.m2\repository\org\mybatis\mybatis-spring\2.0.6\mybatis-spring-2.0.6.jar;C:\Users\msf\.m2\repository\com\google\code\gson\gson\2.9.0\gson-2.9.0.jar;C:\Users\msf\.m2\repository\org\springframework\boot\spring-boot-starter-test\2.6.3\spring-boot-starter-test-2.6.3.jar;C:\Users\msf\.m2\repository\org\springframework\boot\spring-boot-test-autoconfigure\2.6.3\spring-boot-test-autoconfigure-2.6.3.jar;C:\Users\msf\.m2\repository\com\jayway\jsonpath\json-path\2.6.0\json-path-2.6.0.jar;C:\Users\msf\.m2\repository\net\minidev\json-smart\2.4.7\json-smart-2.4.7.jar;C:\Users\msf\.m2\repository\net\minidev\accessors-smart\2.4.7\accessors-smart-2.4.7.jar;C:\Users\msf\.m2\repository\org\ow2\asm\asm\9.1\asm-9.1.jar;C:\Users\msf\.m2\repository\jakarta\xml\bind\jakarta.xml.bind-api\2.3.3\jakarta.xml.bind-api-2.3.3.jar;C:\Users\msf\.m2\repository\jakarta\activation\jakarta.activation-api\1.2.2\jakarta.activation-api-1.2.2.jar;C:\Users\msf\.m2\repository\org\assertj\assertj-core\3.21.0\assertj-core-3.21.0.jar;C:\Users\msf\.m2\repository\org\hamcrest\hamcrest\2.2\hamcrest-2.2.jar;C:\Users\msf\.m2\repository\org\junit\jupiter\junit-jupiter\5.8.2\junit-jupiter-5.8.2.jar;C:\Users\msf\.m2\repository\org\junit\jupiter\junit-jupiter-api\5.8.2\junit-jupiter-api-5.8.2.jar;C:\Users\msf\.m2\repository\org\opentest4j\opentest4j\1.2.0\opentest4j-1.2.0.jar;C:\Users\msf\.m2\repository\org\junit\platform\junit-platform-commons\1.8.2\junit-platform-commons-1.8.2.jar;C:\Users\msf\.m2\repository\org\apiguardian\apiguardian-api\1.1.2\apiguardian-api-1.1.2.jar;C:\Users\msf\.m2\repository\org\junit\jupiter\junit-jupiter-params\5.8.2\junit-jupiter-params-5.8.2.jar;C:\Users\msf\.m2\repository\org\junit\jupiter\junit-jupiter-engine\5.8.2\junit-jupiter-engine-5.8.2.jar;C:\Users\msf\.m2\repository\org\junit\platform\junit-platform-engine\1.8.2\junit-platform-engine-1.8.2.jar;C:\Users\msf\.m2\repository\org\mockito\mockito-core\4.0.0\mockito-core-4.0.0.jar;C:\Users\msf\.m2\repository\net\bytebuddy\byte-buddy\1.11.22\byte-buddy-1.11.22.jar;C:\Users\msf\.m2\repository\net\bytebuddy\byte-buddy-agent\1.11.22\byte-buddy-agent-1.11.22.jar;C:\Users\msf\.m2\repository\org\objenesis\objenesis\3.2\objenesis-3.2.jar;C:\Users\msf\.m2\repository\org\mockito\mockito-junit-jupiter\4.0.0\mockito-junit-jupiter-4.0.0.jar;C:\Users\msf\.m2\repository\org\skyscreamer\jsonassert\1.5.0\jsonassert-1.5.0.jar;C:\Users\msf\.m2\repository\com\vaadin\external\google\android-json\0.0.20131108.vaadin1\android-json-0.0.20131108.vaadin1.jar;C:\Users\msf\.m2\repository\org\springframework\spring-core\5.3.15\spring-core-5.3.15.jar;C:\Users\msf\.m2\repository\org\springframework\spring-jcl\5.3.15\spring-jcl-5.3.15.jar;C:\Users\msf\.m2\repository\org\springframework\spring-test\5.3.15\spring-test-5.3.15.jar;C:\Users\msf\.m2\repository\org\xmlunit\xmlunit-core\2.8.4\xmlunit-core-2.8.4.jar;C:\Users\msf\.m2\repository\org\springframework\boot\spring-boot-test\2.6.3\spring-boot-test-2.6.3.jar;C:\Users\msf\.m2\repository\org\springframework\boot\spring-boot\2.6.3\spring-boot-2.6.3.jar;"/>
    <property name="sun.cpu.endian" value="little"/>
    <property name="user.home" value="C:\Users\msf"/>
    <property name="user.language" value="zh"/>
    <property name="java.specification.vendor" value="Oracle Corporation"/>
    <property name="java.version.date" value="2021-10-19"/>
    <property name="java.home" value="C:\Users\msf\.jdks\corretto-11.0.13"/>
    <property name="file.separator" value="\"/>
    <property name="basedir" value="C:\Users\msf\IdeaProjects\AAAhome"/>
    <property name="java.vm.compressedOopsMode" value="Zero based"/>
    <property name="line.separator" value="&#10;"/>
    <property name="java.specification.name" value="Java Platform API Specification"/>
    <property name="java.vm.specification.vendor" value="Oracle Corporation"/>
    <property name="java.awt.graphicsenv" value="sun.awt.Win32GraphicsEnvironment"/>
    <property name="surefire.real.class.path" value="C:\Users\msf\AppData\Local\Temp\surefire4639134500160834748\surefirebooter14917537723062807034.jar"/>
    <property name="user.script" value=""/>
    <property name="sun.management.compiler" value="HotSpot 64-Bit Tiered Compilers"/>
    <property name="java.runtime.version" value="11.0.13+8-LTS"/>
    <property name="user.name" value="msf"/>
    <property name="path.separator" value=";"/>
    <property name="os.version" value="10.0"/>
    <property name="java.runtime.name" value="OpenJDK Runtime Environment"/>
    <property name="file.encoding" value="GBK"/>
    <property name="java.vm.name" value="OpenJDK 64-Bit Server VM"/>
    <property name="java.vendor.version" value="Corretto-11.0.13.8.1"/>
    <property name="localRepository" value="C:\Users\msf\.m2\repository"/>
    <property name="java.vendor.url.bug" value="https://github.com/corretto/corretto-11/issues/"/>
    <property name="java.io.tmpdir" value="C:\Users\msf\AppData\Local\Temp\"/>
    <property name="idea.version" value="2021.2.3"/>
    <property name="java.version" value="11.0.13"/>
    <property name="user.dir" value="C:\Users\msf\IdeaProjects\AAAhome"/>
    <property name="os.arch" value="amd64"/>
    <property name="java.vm.specification.name" value="Java Virtual Machine Specification"/>
    <property name="java.awt.printerjob" value="sun.awt.windows.WPrinterJob"/>
    <property name="sun.os.patch.level" value=""/>
    <property name="java.library.path" value="C:\Users\msf\.jdks\corretto-11.0.13\bin;C:\Windows\Sun\Java\bin;C:\Windows\system32;C:\Windows;C:\jdk\bin;C:\Windows\system32;C:\Windows;C:\Windows\System32\Wbem;C:\Windows\System32\WindowsPowerShell\v1.0\;C:\Windows\System32\OpenSSH\;C:\Program Files (x86)\NVIDIA Corporation\PhysX\Common;C:\Program Files\NVIDIA Corporation\NVIDIA NvDLISR;C:\jdk\jre\bin;C:\Program Files\Git\cmd;C:\Program Files (x86)\NetSarang\Xshell 7\;C:\Users\msf\Desktop\资料\dex2jar-2.0\dex2jar-2.0;C:\Program Files\MySQL\MySQL Shell 8.0\bin\;C:\Users\msf\AppData\Local\Programs\Python\Python310\Scripts\;C:\Users\msf\AppData\Local\Programs\Python\Python310\;C:\Users\msf\AppData\Local\Microsoft\WindowsApps;C:\Program Files\Bandizip\;C:\Program Files\JetBrains\IntelliJ IDEA Community Edition 2021.2.3\bin;;C:\Program Files\JetBrains\PyCharm 2021.3.1\bin;;."/>
    <property name="java.vm.info" value="mixed mode"/>
    <property name="java.vendor" value="Amazon.com Inc."/>
    <property name="java.vm.version" value="11.0.13+8-LTS"/>
    <property name="sun.io.unicode.encoding" value="UnicodeLittle"/>
    <property name="java.class.version" value="55.0"/>
  </properties>
  <testcase name="contextLoads" classname="com.example.aaahome.AaAhomeApplicationTests" time="2.945"/>
</testsuite>